Using pre-set license
Built from '2020.3/staging' branch; Version is '2020.3.11f1 (99c7afb366b3) revision 10078127'; Using compiler version '192528614'; Build Type 'Release'
OS: 'Windows 10 Home Single Language; OS build 22000.795; Version 2009; 64bit' Language: 'en' Physical Memory: 15791 MB
BatchMode: 1, IsHumanControllingUs: 0, StartBugReporterOnCrash: 0, Is64bit: 1, IsPro: 0

 COMMAND LINE ARGUMENTS:
C:\Program Files\Unity\2020.3.11f1\Editor\Unity.exe
-adb2
-batchMode
-noUpm
-name
AssetImportWorker0
-projectPath
C:/Unity Projects/Snake Game
-logFile
Logs/AssetImportWorker0.log
-srvPort
62332
Successfully changed project path to: C:/Unity Projects/Snake Game
C:/Unity Projects/Snake Game
Using Asset Import Pipeline V2.
Refreshing native plugins compatible for Editor in 45.97 ms, found 3 plugins.
Preloading 0 native plugins for Editor in 0.00 ms.
Initialize engine version: 2020.3.11f1 (99c7afb366b3)
[Subsystems] Discovering subsystems at path C:/Program Files/Unity/2020.3.11f1/Editor/Data/Resources/UnitySubsystems
[Subsystems] Discovering subsystems at path C:/Unity Projects/Snake Game/Assets
GfxDevice: creating device client; threaded=0
Direct3D:
    Version:  Direct3D 11.0 [level 11.1]
    Renderer: NVIDIA GeForce GTX 1650 Ti (ID=0x1f95)
    Vendor:   
    VRAM:     3962 MB
    Driver:   31.0.15.1659
Initialize mono
Mono path[0] = 'C:/Program Files/Unity/2020.3.11f1/Editor/Data/Managed'
Mono path[1] = 'C:/Program Files/Unity/2020.3.11f1/Editor/Data/MonoBleedingEdge/lib/mono/unityjit'
Mono config path = 'C:/Program Files/Unity/2020.3.11f1/Editor/Data/MonoBleedingEdge/etc'
Using monoOptions --debugger-agent=transport=dt_socket,embedding=1,server=y,suspend=n,address=127.0.0.1:56272
Begin MonoManager ReloadAssembly
Registering precompiled unity dll's ...
Register platform support module: C:/Program Files/Unity/2020.3.11f1/Editor/Data/PlaybackEngines/WindowsStandaloneSupport/UnityEditor.WindowsStandalone.Extensions.dll
Registered in 0.001286 seconds.
Native extension for WindowsStandalone target not found
Refreshing native plugins compatible for Editor in 45.43 ms, found 3 plugins.
Preloading 0 native plugins for Editor in 0.00 ms.
Mono: successfully reloaded assembly
- Completed reload, in  2.001 seconds
Platform modules already initialized, skipping
Registering precompiled user dll's ...
Registered in 0.003388 seconds.
Begin MonoManager ReloadAssembly
Native extension for WindowsStandalone target not found
Refreshing native plugins compatible for Editor in 44.20 ms, found 3 plugins.
Preloading 0 native plugins for Editor in 0.00 ms.
Mono: successfully reloaded assembly
- Completed reload, in  1.073 seconds
Platform modules already initialized, skipping
========================================================================
Worker process is ready to serve import requests
Launched and connected shader compiler UnityShaderCompiler.exe after 0.04 seconds
Refreshing native plugins compatible for Editor in 0.72 ms, found 3 plugins.
Preloading 0 native plugins for Editor in 0.00 ms.
Unloading 2142 Unused Serialized files (Serialized files now loaded: 0)
System memory in use before: 94.6 MB.
System memory in use after: 94.5 MB.

Unloading 33 unused Assets to reduce memory usage. Loaded Objects now: 2577.
Total: 3.025800 ms (FindLiveObjects: 0.276900 ms CreateObjectMapping: 0.101300 ms MarkObjects: 2.513500 ms  DeleteObjects: 0.132400 ms)

========================================================================
Received Import Request.
  path: Assets/Scripts/BodyPart.cs
  artifactKey: Guid(2ee35de3a3e8f904899a8054d53dcbdb) Importer(815301076,1909f56bfc062723c751e8b465ee728b)
Start importing Assets/Scripts/BodyPart.cs using Guid(2ee35de3a3e8f904899a8054d53dcbdb) Importer(815301076,1909f56bfc062723c751e8b465ee728b)  -> (artifact id: 'da4a394441b7d56a1c2ad3b8b58658d3') in 0.050210 seconds
  Import took 0.054013 seconds .

========================================================================
Received Prepare
Refreshing native plugins compatible for Editor in 3.59 ms, found 3 plugins.
Preloading 0 native plugins for Editor in 0.00 ms.
Unloading 19 Unused Serialized files (Serialized files now loaded: 0)
System memory in use before: 52.5 MB.
System memory in use after: 52.5 MB.

Unloading 19 unused Assets to reduce memory usage. Loaded Objects now: 2577.
Total: 2.210100 ms (FindLiveObjects: 0.215300 ms CreateObjectMapping: 0.050200 ms MarkObjects: 1.827500 ms  DeleteObjects: 0.115800 ms)

AssetImportWorkerClient::OnTransportError - code=2 error=End of file
